<?xml version="1.0" encoding="UTF-8"?>
<testng-results ignored="0" total="1" passed="1" failed="0" skipped="0">
  <reporter-output>
  </reporter-output>
  <suite started-at="2022-04-01T09:19:09 IST" name="Default suite" finished-at="2022-04-01T09:19:35 IST" duration-ms="26150">
    <groups>
    </groups>
    <test started-at="2022-04-01T09:19:09 IST" name="Default test" finished-at="2022-04-01T09:19:35 IST" duration-ms="26150">
      <class name="testscripts.Testcase3">
        <test-method is-config="true" signature="openApp()[pri:0, instance:testscripts.Testcase3@5fa07e12]" started-at="2022-04-01T09:19:09 IST" name="openApp" finished-at="2022-04-01T09:19:14 IST" duration-ms="5379" status="PASS">
          <reporter-output>
          </reporter-output>
        </test-method> <!-- openApp -->
        <test-method signature="tc3()[pri:0, instance:testscripts.Testcase3@5fa07e12]" started-at="2022-04-01T09:19:14 IST" name="tc3" finished-at="2022-04-01T09:19:32 IST" duration-ms="18272" status="PASS">
          <reporter-output>
          </reporter-output>
        </test-method> <!-- tc3 -->
        <test-method is-config="true" signature="closeApp(org.testng.ITestResult)[pri:0, instance:testscripts.Testcase3@5fa07e12]" started-at="2022-04-01T09:19:32 IST" name="closeApp" finished-at="2022-04-01T09:19:35 IST" duration-ms="2435" status="PASS">
          <params>
            <param index="0">
              <value>
                <![CDATA[[TestResult name=tc3 status=SUCCESS method=Testcase3.tc3()[pri:0, instance:testscripts.Testcase3@5fa07e12] output={null}]]]>
              </value>
            </param>
          </params>
          <reporter-output>
          </reporter-output>
        </test-method> <!-- closeApp -->
      </class> <!-- testscripts.Testcase3 -->
    </test> <!-- Default test -->
  </suite> <!-- Default suite -->
</testng-results>
